<?xml version="1.0" encoding="UTF-8"?>
<testng-results ignored="0" total="0" passed="0" failed="0" skipped="0">
  <reporter-output>
  </reporter-output>
  <suite started-at="2026-02-05T15:08:01 UTC" name="Default suite" finished-at="2026-02-05T15:08:01 UTC" duration-ms="135">
    <groups>
      <group name="cucumber">
        <method signature="AbstractTestNGCucumberTests.runScenario(io.cucumber.testng.PickleWrapper,io.cucumber.testng.FeatureWrapper)[pri:0, instance:TimesOfIndia.test_runner@cad498c]" name="runScenario" class="io.cucumber.testng.AbstractTestNGCucumberTests"/>
      </group> <!-- cucumber -->
    </groups>
    <test started-at="2026-02-05T15:08:01 UTC" name="Default test" finished-at="2026-02-05T15:08:01 UTC" duration-ms="135">
      <class name="TimesOfIndia.test_runner">
        <test-method is-config="true" signature="setUpClass(org.testng.ITestContext)[pri:0, instance:TimesOfIndia.test_runner@cad498c]" started-at="2026-02-05T15:08:01 UTC" name="setUpClass" finished-at="2026-02-05T15:08:01 UTC" duration-ms="111" status="PASS">
          <params>
            <param index="0">
              <value>
                <![CDATA[org.testng.TestRunner@36b4091c]]>
              </value>
            </param>
          </params>
          <reporter-output>
          </reporter-output>
        </test-method> <!-- setUpClass -->
        <test-method is-config="true" signature="tearDownClass()[pri:0, instance:TimesOfIndia.test_runner@cad498c]" started-at="2026-02-05T15:08:01 UTC" name="tearDownClass" finished-at="2026-02-05T15:08:01 UTC" duration-ms="2" status="PASS">
          <reporter-output>
          </reporter-output>
        </test-method> <!-- tearDownClass -->
      </class> <!-- TimesOfIndia.test_runner -->
    </test> <!-- Default test -->
  </suite> <!-- Default suite -->
</testng-results>
