<?xml version="1.0" encoding="UTF-8"?>
<!-- Generated by org.testng.reporters.JUnitReportReporter -->
<testsuite hostname="ip-172-31-40-160" failures="0" tests="3" name="runner.TestRunner" time="0.088" errors="3" timestamp="2026-02-07T06:15:03 UTC" skipped="0">
  <testcase classname="runner.TestRunner" name="runScenario" time="0.008">
    <error message="The step &#039;user is logged into Abhyas portal&#039; and 3 other step(s) are undefined.
You can implement these steps using the snippet(s) below:

@Given(&quot;user is logged into Abhyas portal&quot;)
public void user_is_logged_into_abhyas_portal() {
    // Write code here that turns the phrase above into concrete actions
    throw new io.cucumber.java.PendingException();
}
@Given(&quot;user navigates to Mistakes page&quot;)
public void user_navigates_to_mistakes_page() {
    // Write code here that turns the phrase above into concrete actions
    throw new io.cucumber.java.PendingException();
}
@When(&quot;user clicks on Mistake question&quot;)
public void user_clicks_on_mistake_question() {
    // Write code here that turns the phrase above into concrete actions
    throw new io.cucumber.java.PendingException();
}
@Then(&quot;mistake question details should be shown&quot;)
public void mistake_question_details_should_be_shown() {
    // Write code here that turns the phrase above into concrete actions
    throw new io.cucumber.java.PendingException();
}
" type="io.cucumber.testng.UndefinedStepException">
      <![CDATA[io.cucumber.testng.UndefinedStepException: The step 'user is logged into Abhyas portal' and 3 other step(s) are undefined.
You can implement these steps using the snippet(s) below:

@Given("user is logged into Abhyas portal")
public void user_is_logged_into_abhyas_portal() {
    // Write code here that turns the phrase above into concrete actions
    throw new io.cucumber.java.PendingException();
}
@Given("user navigates to Mistakes page")
public void user_navigates_to_mistakes_page() {
    // Write code here that turns the phrase above into concrete actions
    throw new io.cucumber.java.PendingException();
}
@When("user clicks on Mistake question")
public void user_clicks_on_mistake_question() {
    // Write code here that turns the phrase above into concrete actions
    throw new io.cucumber.java.PendingException();
}
@Then("mistake question details should be shown")
public void mistake_question_details_should_be_shown() {
    // Write code here that turns the phrase above into concrete actions
    throw new io.cucumber.java.PendingException();
}

at ✽.user is logged into Abhyas portal(file:///home/labuser/eclipse-workspace/CAPSTONE_OnlinePortal/src/test/resources/feature/Mistakes.feature:3)
]]>
    </error>
  </testcase> <!-- runScenario -->
  <testcase classname="runner.TestRunner" name="runScenario" time="0.008">
    <error message="The step &#039;user is logged into Abhyas portal&#039; and 2 other step(s) are undefined.
You can implement these steps using the snippet(s) below:

@Given(&quot;user is logged into Abhyas portal&quot;)
public void user_is_logged_into_abhyas_portal() {
    // Write code here that turns the phrase above into concrete actions
    throw new io.cucumber.java.PendingException();
}
@Given(&quot;user navigates to Mistakes page&quot;)
public void user_navigates_to_mistakes_page() {
    // Write code here that turns the phrase above into concrete actions
    throw new io.cucumber.java.PendingException();
}
@Then(&quot;user should see list of mistake questions&quot;)
public void user_should_see_list_of_mistake_questions() {
    // Write code here that turns the phrase above into concrete actions
    throw new io.cucumber.java.PendingException();
}
" type="io.cucumber.testng.UndefinedStepException">
      <![CDATA[io.cucumber.testng.UndefinedStepException: The step 'user is logged into Abhyas portal' and 2 other step(s) are undefined.
You can implement these steps using the snippet(s) below:

@Given("user is logged into Abhyas portal")
public void user_is_logged_into_abhyas_portal() {
    // Write code here that turns the phrase above into concrete actions
    throw new io.cucumber.java.PendingException();
}
@Given("user navigates to Mistakes page")
public void user_navigates_to_mistakes_page() {
    // Write code here that turns the phrase above into concrete actions
    throw new io.cucumber.java.PendingException();
}
@Then("user should see list of mistake questions")
public void user_should_see_list_of_mistake_questions() {
    // Write code here that turns the phrase above into concrete actions
    throw new io.cucumber.java.PendingException();
}

at ✽.user is logged into Abhyas portal(file:///home/labuser/eclipse-workspace/CAPSTONE_OnlinePortal/src/test/resources/feature/Mistakes.feature:3)
]]>
    </error>
  </testcase> <!-- runScenario -->
  <testcase classname="runner.TestRunner" name="runScenario" time="0.072">
    <error message="The step &#039;user is logged into Abhyas portal&#039; and 3 other step(s) are undefined.
You can implement these steps using the snippet(s) below:

@Given(&quot;user is logged into Abhyas portal&quot;)
public void user_is_logged_into_abhyas_portal() {
    // Write code here that turns the phrase above into concrete actions
    throw new io.cucumber.java.PendingException();
}
@Given(&quot;user navigates to Mistakes page&quot;)
public void user_navigates_to_mistakes_page() {
    // Write code here that turns the phrase above into concrete actions
    throw new io.cucumber.java.PendingException();
}
@When(&quot;user clicks on Mistakes menu&quot;)
public void user_clicks_on_mistakes_menu() {
    // Write code here that turns the phrase above into concrete actions
    throw new io.cucumber.java.PendingException();
}
@Then(&quot;Mistakes page should be visible&quot;)
public void mistakes_page_should_be_visible() {
    // Write code here that turns the phrase above into concrete actions
    throw new io.cucumber.java.PendingException();
}
" type="io.cucumber.testng.UndefinedStepException">
      <![CDATA[io.cucumber.testng.UndefinedStepException: The step 'user is logged into Abhyas portal' and 3 other step(s) are undefined.
You can implement these steps using the snippet(s) below:

@Given("user is logged into Abhyas portal")
public void user_is_logged_into_abhyas_portal() {
    // Write code here that turns the phrase above into concrete actions
    throw new io.cucumber.java.PendingException();
}
@Given("user navigates to Mistakes page")
public void user_navigates_to_mistakes_page() {
    // Write code here that turns the phrase above into concrete actions
    throw new io.cucumber.java.PendingException();
}
@When("user clicks on Mistakes menu")
public void user_clicks_on_mistakes_menu() {
    // Write code here that turns the phrase above into concrete actions
    throw new io.cucumber.java.PendingException();
}
@Then("Mistakes page should be visible")
public void mistakes_page_should_be_visible() {
    // Write code here that turns the phrase above into concrete actions
    throw new io.cucumber.java.PendingException();
}

at ✽.user is logged into Abhyas portal(file:///home/labuser/eclipse-workspace/CAPSTONE_OnlinePortal/src/test/resources/feature/Mistakes.feature:3)
]]>
    </error>
  </testcase> <!-- runScenario -->
</testsuite> <!-- runner.TestRunner -->
