<?xml version="1.0" encoding="UTF-8"?>
<!-- Generated by org.testng.reporters.JUnitReportReporter -->
<testsuite hostname="ip-172-31-40-160" failures="0" tests="1" name="Regis.test_runner" time="0.074" errors="1" timestamp="2026-02-06T06:23:40 UTC" skipped="0">
  <testcase classname="Regis.test_runner" name="runScenario" time="0.074">
    <error message="Unresolved compilation problem: 
	driver cannot be resolved to a variable
" type="java.lang.Error">
      <![CDATA[java.lang.Error: Unresolved compilation problem: 
driver cannot be resolved to a variable

at Regis.Registration.user_is_on_new_registration_page(Registration.java:12)
at ✽.User is on new registration page(file:///home/labuser/eclipse-workspace/CAPSTONE_OnlinePortal/src/test/resources/feature/Registration.feature:3)
]]>
    </error>
  </testcase> <!-- runScenario -->
</testsuite> <!-- Regis.test_runner -->
