<?xml version="1.0" encoding="UTF-8"?>
<!-- Generated by org.testng.reporters.JUnitXMLReporter -->
<testsuite ignored="0" hostname="ip-172-31-40-160" failures="3" tests="3" name="Default test" time="0.51" errors="0" timestamp="2026-02-07T06:15:03 UTC">
  <testcase classname="io.cucumber.testng.AbstractTestNGCucumberTests" name="runScenario" time="0.072">
    <failure type="io.cucumber.testng.UndefinedStepException" message="The step &amp;apos;user is logged into Abhyas portal&amp;apos; and 3 other step(s) are undefined.
You can implement these steps using the snippet(s) below:

@Given(&amp;quot;user is logged into Abhyas portal&amp;quot;)
public void user_is_logged_into_abhyas_portal() {
    // Write code here that turns the phrase above into concrete actions
    throw new io.cucumber.java.PendingException();
}
@Given(&amp;quot;user navigates to Mistakes page&amp;quot;)
public void user_navigates_to_mistakes_page() {
    // Write code here that turns the phrase above into concrete actions
    throw new io.cucumber.java.PendingException();
}
@When(&amp;quot;user clicks on Mistakes menu&amp;quot;)
public void user_clicks_on_mistakes_menu() {
    // Write code here that turns the phrase above into concrete actions
    throw new io.cucumber.java.PendingException();
}
@Then(&amp;quot;Mistakes page should be visible&amp;quot;)
public void mistakes_page_should_be_visible() {
    // Write code here that turns the phrase above into concrete actions
    throw new io.cucumber.java.PendingException();
}
">
      <![CDATA[io.cucumber.testng.UndefinedStepException: The step 'user is logged into Abhyas portal' and 3 other step(s) are undefined.
You can implement these steps using the snippet(s) below:

@Given("user is logged into Abhyas portal")
public void user_is_logged_into_abhyas_portal() {
    // Write code here that turns the phrase above into concrete actions
    throw new io.cucumber.java.PendingException();
}
@Given("user navigates to Mistakes page")
public void user_navigates_to_mistakes_page() {
    // Write code here that turns the phrase above into concrete actions
    throw new io.cucumber.java.PendingException();
}
@When("user clicks on Mistakes menu")
public void user_clicks_on_mistakes_menu() {
    // Write code here that turns the phrase above into concrete actions
    throw new io.cucumber.java.PendingException();
}
@Then("Mistakes page should be visible")
public void mistakes_page_should_be_visible() {
    // Write code here that turns the phrase above into concrete actions
    throw new io.cucumber.java.PendingException();
}

at ✽.user is logged into Abhyas portal(file:///home/labuser/eclipse-workspace/CAPSTONE_OnlinePortal/src/test/resources/feature/Mistakes.feature:3)
]]>
    </failure>
  </testcase> <!-- runScenario -->
  <testcase classname="io.cucumber.testng.AbstractTestNGCucumberTests" name="runScenario" time="0.008">
    <failure type="io.cucumber.testng.UndefinedStepException" message="The step &amp;apos;user is logged into Abhyas portal&amp;apos; and 2 other step(s) are undefined.
You can implement these steps using the snippet(s) below:

@Given(&amp;quot;user is logged into Abhyas portal&amp;quot;)
public void user_is_logged_into_abhyas_portal() {
    // Write code here that turns the phrase above into concrete actions
    throw new io.cucumber.java.PendingException();
}
@Given(&amp;quot;user navigates to Mistakes page&amp;quot;)
public void user_navigates_to_mistakes_page() {
    // Write code here that turns the phrase above into concrete actions
    throw new io.cucumber.java.PendingException();
}
@Then(&amp;quot;user should see list of mistake questions&amp;quot;)
public void user_should_see_list_of_mistake_questions() {
    // Write code here that turns the phrase above into concrete actions
    throw new io.cucumber.java.PendingException();
}
">
      <![CDATA[io.cucumber.testng.UndefinedStepException: The step 'user is logged into Abhyas portal' and 2 other step(s) are undefined.
You can implement these steps using the snippet(s) below:

@Given("user is logged into Abhyas portal")
public void user_is_logged_into_abhyas_portal() {
    // Write code here that turns the phrase above into concrete actions
    throw new io.cucumber.java.PendingException();
}
@Given("user navigates to Mistakes page")
public void user_navigates_to_mistakes_page() {
    // Write code here that turns the phrase above into concrete actions
    throw new io.cucumber.java.PendingException();
}
@Then("user should see list of mistake questions")
public void user_should_see_list_of_mistake_questions() {
    // Write code here that turns the phrase above into concrete actions
    throw new io.cucumber.java.PendingException();
}

at ✽.user is logged into Abhyas portal(file:///home/labuser/eclipse-workspace/CAPSTONE_OnlinePortal/src/test/resources/feature/Mistakes.feature:3)
]]>
    </failure>
  </testcase> <!-- runScenario -->
  <testcase classname="io.cucumber.testng.AbstractTestNGCucumberTests" name="runScenario" time="0.008">
    <failure type="io.cucumber.testng.UndefinedStepException" message="The step &amp;apos;user is logged into Abhyas portal&amp;apos; and 3 other step(s) are undefined.
You can implement these steps using the snippet(s) below:

@Given(&amp;quot;user is logged into Abhyas portal&amp;quot;)
public void user_is_logged_into_abhyas_portal() {
    // Write code here that turns the phrase above into concrete actions
    throw new io.cucumber.java.PendingException();
}
@Given(&amp;quot;user navigates to Mistakes page&amp;quot;)
public void user_navigates_to_mistakes_page() {
    // Write code here that turns the phrase above into concrete actions
    throw new io.cucumber.java.PendingException();
}
@When(&amp;quot;user clicks on Mistake question&amp;quot;)
public void user_clicks_on_mistake_question() {
    // Write code here that turns the phrase above into concrete actions
    throw new io.cucumber.java.PendingException();
}
@Then(&amp;quot;mistake question details should be shown&amp;quot;)
public void mistake_question_details_should_be_shown() {
    // Write code here that turns the phrase above into concrete actions
    throw new io.cucumber.java.PendingException();
}
">
      <![CDATA[io.cucumber.testng.UndefinedStepException: The step 'user is logged into Abhyas portal' and 3 other step(s) are undefined.
You can implement these steps using the snippet(s) below:

@Given("user is logged into Abhyas portal")
public void user_is_logged_into_abhyas_portal() {
    // Write code here that turns the phrase above into concrete actions
    throw new io.cucumber.java.PendingException();
}
@Given("user navigates to Mistakes page")
public void user_navigates_to_mistakes_page() {
    // Write code here that turns the phrase above into concrete actions
    throw new io.cucumber.java.PendingException();
}
@When("user clicks on Mistake question")
public void user_clicks_on_mistake_question() {
    // Write code here that turns the phrase above into concrete actions
    throw new io.cucumber.java.PendingException();
}
@Then("mistake question details should be shown")
public void mistake_question_details_should_be_shown() {
    // Write code here that turns the phrase above into concrete actions
    throw new io.cucumber.java.PendingException();
}

at ✽.user is logged into Abhyas portal(file:///home/labuser/eclipse-workspace/CAPSTONE_OnlinePortal/src/test/resources/feature/Mistakes.feature:3)
]]>
    </failure>
  </testcase> <!-- runScenario -->
</testsuite> <!-- Default test -->
