<?xml version="1.0" encoding="UTF-8"?>
<testng-results ignored="0" total="1" passed="1" failed="0" skipped="0">
  <reporter-output>
  </reporter-output>
  <suite started-at="2026-02-12T05:48:31 UTC" name="Default suite" finished-at="2026-02-12T05:48:53 UTC" duration-ms="21668">
    <groups>
      <group name="cucumber">
        <method signature="AbstractTestNGCucumberTests.runScenario(io.cucumber.testng.PickleWrapper,io.cucumber.testng.FeatureWrapper)[pri:0, instance:stepdefinitions.TestRunner@1ff4931d]" name="runScenario" class="io.cucumber.testng.AbstractTestNGCucumberTests"/>
      </group> <!-- cucumber -->
    </groups>
    <test started-at="2026-02-12T05:48:31 UTC" name="Default test" finished-at="2026-02-12T05:48:53 UTC" duration-ms="21668">
      <class name="stepdefinitions.TestRunner">
        <test-method is-config="true" signature="setUpClass(org.testng.ITestContext)[pri:0, instance:stepdefinitions.TestRunner@1ff4931d]" started-at="2026-02-12T05:48:31 UTC" name="setUpClass" finished-at="2026-02-12T05:48:32 UTC" duration-ms="393" status="PASS">
          <params>
            <param index="0">
              <value>
                <![CDATA[org.testng.TestRunner@335f5c69]]>
              </value>
            </param>
          </params>
          <reporter-output>
          </reporter-output>
        </test-method> <!-- setUpClass -->
        <test-method signature="runScenario(io.cucumber.testng.PickleWrapper,io.cucumber.testng.FeatureWrapper)[pri:0, instance:stepdefinitions.TestRunner@1ff4931d]" started-at="2026-02-12T05:48:32 UTC" name="runScenario" description="Runs Cucumber Scenarios" data-provider="scenarios" finished-at="2026-02-12T05:48:51 UTC" duration-ms="19627" status="PASS">
          <params>
            <param index="0">
              <value>
                <![CDATA["User places an order successfully"]]>
              </value>
            </param>
            <param index="1">
              <value>
                <![CDATA["Place Order functionality in Demoblaze"]]>
              </value>
            </param>
          </params>
          <reporter-output>
          </reporter-output>
        </test-method> <!-- runScenario -->
        <test-method is-config="true" signature="tearDownClass()[pri:0, instance:stepdefinitions.TestRunner@1ff4931d]" started-at="2026-02-12T05:48:51 UTC" name="tearDownClass" finished-at="2026-02-12T05:48:53 UTC" duration-ms="1615" status="PASS">
          <reporter-output>
          </reporter-output>
        </test-method> <!-- tearDownClass -->
      </class> <!-- stepdefinitions.TestRunner -->
    </test> <!-- Default test -->
  </suite> <!-- Default suite -->
</testng-results>
